<?xml version="1.0" encoding="UTF-8"?>
<testsuite xmlns:xsi="http://www.w3.org/2001/XMLSchema-instance" xsi:noNamespaceSchemaLocation="https://maven.apache.org/surefire/maven-surefire-plugin/xsd/surefire-test-report-3.0.xsd" version="3.0" name="mn.csm311.lab12.SimpleCircuitBreakerTest" time="0.052" tests="7" errors="0" skipped="0" failures="0">
  <properties>
[...]
</properties>
  <testcase name="startsInClosedState" classname="mn.csm311.lab12.SimpleCircuitBreakerTest" time="0.006"/>
  <testcase name="closesAgainOnSuccessInHalfOpen" classname="mn.csm311.lab12.SimpleCircuitBreakerTest" time="0.006"/>
  <testcase name="fastFailsWhenOpen" classname="mn.csm311.lab12.SimpleCircuitBreakerTest" time="0.012"/>
  <testcase name="movesToHalfOpenAfterTimeout" classname="mn.csm311.lab12.SimpleCircuitBreakerTest" time="0.005"/>
  <testcase name="reopensIfHalfOpenCallFails" classname="mn.csm311.lab12.SimpleCircuitBreakerTest" time="0.006"/>
  <testcase name="opensAfterThresholdFailures" classname="mn.csm311.lab12.SimpleCircuitBreakerTest" time="0.002"/>
  <testcase name="allowsCallsInClosedState" classname="mn.csm311.lab12.SimpleCircuitBreakerTest" time="0.002"/>
</testsuite>